######## 1) 源码 hello.c ########
// hello.c — Ch1 用来演示「源码 → IR → 优化 → 汇编」整条链路的最小例子。
//
// 选两个函数：
//   square : 极简，方便看清 IR 的基本结构。
//   sum_to : 带一个循环。开 -O2 时 LLVM 会把整个循环优化掉，
//            直接算出闭式解 n*(n+1)/2 —— 用来直观感受「优化」有多强。

int square(int x) {
    return x * x;
}

int sum_to(int n) {
    int s = 0;
    for (int i = 1; i <= n; i++) {
        s += i;
    }
    return s;
}

######## 2) Clang 前端 → 未优化 IR (-O0) ########
# clang -O0 -emit-llvm -S hello.c
; ModuleID = 'hello.c'
source_filename = "hello.c"
target datalayout = "e-m:e-p270:32:32-p271:32:32-p272:64:64-i8:8:32-i16:16:32-i64:64-i128:128-n32:64-S128-Fn32"
target triple = "aarch64-unknown-linux-gnu"

; Function Attrs: noinline nounwind uwtable
define dso_local i32 @square(i32 noundef %0) #0 {
  %2 = alloca i32, align 4
  store i32 %0, ptr %2, align 4
  %3 = load i32, ptr %2, align 4
  %4 = load i32, ptr %2, align 4
  %5 = mul nsw i32 %3, %4
  ret i32 %5
}

; Function Attrs: noinline nounwind uwtable
define dso_local i32 @sum_to(i32 noundef %0) #0 {
  %2 = alloca i32, align 4
  %3 = alloca i32, align 4
  %4 = alloca i32, align 4
  store i32 %0, ptr %2, align 4
  store i32 0, ptr %3, align 4
  store i32 1, ptr %4, align 4
  br label %5

5:                                                ; preds = %13, %1
  %6 = load i32, ptr %4, align 4
  %7 = load i32, ptr %2, align 4
  %8 = icmp sle i32 %6, %7
  br i1 %8, label %9, label %16

9:                                                ; preds = %5
  %10 = load i32, ptr %4, align 4
  %11 = load i32, ptr %3, align 4
  %12 = add nsw i32 %11, %10
  store i32 %12, ptr %3, align 4
  br label %13

13:                                               ; preds = %9
  %14 = load i32, ptr %4, align 4
  %15 = add nsw i32 %14, 1
  store i32 %15, ptr %4, align 4
  br label %5, !llvm.loop !6

16:                                               ; preds = %5
  %17 = load i32, ptr %3, align 4
  ret i32 %17
}

attributes #0 = { noinline nounwind uwtable "frame-pointer"="non-leaf" "no-trapping-math"="true" "stack-protector-buffer-size"="8" "target-cpu"="generic" "target-features"="+fp-armv8,+neon,+outline-atomics,+v8a,-fmv" }

!llvm.module.flags = !{!0, !1, !2, !3, !4}
!llvm.ident = !{!5}

!0 = !{i32 1, !"wchar_size", i32 4}
!1 = !{i32 8, !"PIC Level", i32 2}
!2 = !{i32 7, !"PIE Level", i32 2}
!3 = !{i32 7, !"uwtable", i32 2}
!4 = !{i32 7, !"frame-pointer", i32 1}
!5 = !{!"clang version 21.1.6"}
!6 = distinct !{!6, !7}
!7 = !{!"llvm.loop.mustprogress"}

######## 3) opt -O2 优化后的 IR ########
# opt -O2 -S hello.O0.ll
; ModuleID = '/tmp/ch1/hello.O0.ll'
source_filename = "hello.c"
target datalayout = "e-m:e-p270:32:32-p271:32:32-p272:64:64-i8:8:32-i16:16:32-i64:64-i128:128-n32:64-S128-Fn32"
target triple = "aarch64-unknown-linux-gnu"

; Function Attrs: mustprogress nofree noinline norecurse nosync nounwind willreturn memory(none) uwtable
define dso_local i32 @square(i32 noundef %0) local_unnamed_addr #0 {
  %2 = mul nsw i32 %0, %0
  ret i32 %2
}

; Function Attrs: mustprogress nofree noinline norecurse nosync nounwind willreturn memory(none) uwtable
define dso_local i32 @sum_to(i32 noundef %0) local_unnamed_addr #0 {
  %.not7 = icmp slt i32 %0, 1
  br i1 %.not7, label %._crit_edge, label %.lr.ph.preheader

.lr.ph.preheader:                                 ; preds = %1
  %2 = shl nuw i32 %0, 1
  %3 = add nsw i32 %0, -1
  %4 = zext nneg i32 %3 to i33
  %5 = add nsw i32 %0, -2
  %6 = zext i32 %5 to i33
  %7 = mul i33 %4, %6
  %8 = lshr i33 %7, 1
  %9 = trunc nuw i33 %8 to i32
  %10 = add i32 %2, %9
  %11 = add i32 %10, -1
  br label %._crit_edge

._crit_edge:                                      ; preds = %.lr.ph.preheader, %1
  %.06.lcssa = phi i32 [ 0, %1 ], [ %11, %.lr.ph.preheader ]
  ret i32 %.06.lcssa
}

attributes #0 = { mustprogress nofree noinline norecurse nosync nounwind willreturn memory(none) uwtable "frame-pointer"="non-leaf" "no-trapping-math"="true" "stack-protector-buffer-size"="8" "target-cpu"="generic" "target-features"="+fp-armv8,+neon,+outline-atomics,+v8a,-fmv" }

!llvm.module.flags = !{!0, !1, !2, !3, !4}
!llvm.ident = !{!5}

!0 = !{i32 1, !"wchar_size", i32 4}
!1 = !{i32 8, !"PIC Level", i32 2}
!2 = !{i32 7, !"PIE Level", i32 2}
!3 = !{i32 7, !"uwtable", i32 2}
!4 = !{i32 7, !"frame-pointer", i32 1}
!5 = !{!"clang version 21.1.6"}

######## 4) llc 后端 → 目标汇编 ########
# llc -O2 hello.O2.ll   (只截取 sum_to 看闭式解)
	.file	"hello.c"
	.text
	.globl	square                          // -- Begin function square
	.p2align	2
	.type	square,@function
square:                                 // @square
	.cfi_startproc
// %bb.0:
	mul	w0, w0, w0
	ret
.Lfunc_end0:
	.size	square, .Lfunc_end0-square
	.cfi_endproc
                                        // -- End function
	.globl	sum_to                          // -- Begin function sum_to
	.p2align	2
	.type	sum_to,@function
sum_to:                                 // @sum_to
	.cfi_startproc
// %bb.0:
	subs	w8, w0, #1
	b.lt	.LBB1_2
// %bb.1:                               // %.lr.ph.preheader
	sub	w9, w0, #2
	umull	x8, w8, w9
	lsr	x8, x8, #1
	add	w8, w8, w0, lsl #1
	sub	w0, w8, #1
	ret
.LBB1_2:
	mov	w0, wzr
	ret
.Lfunc_end1:
	.size	sum_to, .Lfunc_end1-sum_to
	.cfi_endproc
                                        // -- End function
	.ident	"clang version 21.1.6"
	.section	".note.GNU-stack","",@progbits
